This is pdfTeX, Version 3.14159265-2.6-1.40.19 (MiKTeX 2.9.6840 64-bit) (preloaded format=pdflatex 2018.10.11)  7 NOV 2018 11:18
entering extended mode
**./Raport_pt1.tex
(Raport_pt1.tex
LaTeX2e <2018-04-01> patch level 5
("C:\Program Files\MiKTeX 2.9\tex\latex\base\article.cls"
Document Class: article 2014/09/29 v1.4h Standard LaTeX document class
("C:\Program Files\MiKTeX 2.9\tex\latex\base\size11.clo"
File: size11.clo 2014/09/29 v1.4h Standard LaTeX file (size option)
)
\c@part=\count80
\c@section=\count81
\c@subsection=\count82
\c@subsubsection=\count83
\c@paragraph=\count84
\c@subparagraph=\count85
\c@figure=\count86
\c@table=\count87
\abovecaptionskip=\skip41
\belowcaptionskip=\skip42
\bibindent=\dimen102
)
(C:\Users\Ja\AppData\Roaming\MiKTeX\2.9\tex\latex\comment\comment.sty
\CommentStream=\write3

Excluding comment 'comment')
(C:\Users\Ja\AppData\Roaming\MiKTeX\2.9\tex\latex\lipsum\lipsum.sty
Package: lipsum 2014/07/27 v1.3 150 paragraphs of Lorem Ipsum dummy text
\c@lips@count=\count88
)
(C:\Users\Ja\AppData\Roaming\MiKTeX\2.9\tex\latex\preprint\fullpage.sty
Package: fullpage 1999/02/23 1.1 (PWD)
\FP@margin=\skip43
)
("C:\Program Files\MiKTeX 2.9\tex\latex\base\fontenc.sty"
Package: fontenc 2017/04/05 v2.0i Standard LaTeX package

("C:\Program Files\MiKTeX 2.9\tex\latex\base\t1enc.def"
File: t1enc.def 2017/04/05 v2.0i Standard LaTeX file
LaTeX Font Info:    Redeclaring font encoding T1 on input line 48.
))
("C:\Program Files\MiKTeX 2.9\tex\generic\babel\babel.sty"
Package: babel 2018/09/26 3.24 The Babel package

("C:\Program Files\MiKTeX 2.9\tex\generic\babel\switch.def"
File: switch.def 2018/09/26 3.24 Babel switching mechanism
)
*************************************
* Local config file bblopts.cfg used
*
(C:\Users\Ja\AppData\Roaming\MiKTeX\2.9\tex\latex\arabi\bblopts.cfg
File: bblopts.cfg 2005/09/08 v0.1 add Arabic and Farsi to "declared" options of
 babel
)
("C:\Program Files\MiKTeX 2.9\tex\latex\babel-english\english.ldf"
Language: english 2017/06/06 v3.3r English support from the babel system

("C:\Program Files\MiKTeX 2.9\tex\generic\babel\babel.def"
File: babel.def 2018/09/26 3.24 Babel common definitions
\babel@savecnt=\count89
\U@D=\dimen103

("C:\Program Files\MiKTeX 2.9\tex\generic\babel\txtbabel.def")
\bbl@dirlevel=\count90
)
\l@canadian = a dialect from \language\l@american 
\l@australian = a dialect from \language\l@british 
\l@newzealand = a dialect from \language\l@british 
))
("C:\Program Files\MiKTeX 2.9\tex\latex\base\inputenc.sty"
Package: inputenc 2018/04/06 v1.3b Input encoding file
\inpenc@prehook=\toks14
\inpenc@posthook=\toks15
)
("C:\Program Files\MiKTeX 2.9\tex\latex\lm\lmodern.sty"
Package: lmodern 2009/10/30 v1.6 Latin Modern Fonts
LaTeX Font Info:    Overwriting symbol font `operators' in version `normal'
(Font)                  OT1/cmr/m/n --> OT1/lmr/m/n on input line 22.
LaTeX Font Info:    Overwriting symbol font `letters' in version `normal'
(Font)                  OML/cmm/m/it --> OML/lmm/m/it on input line 23.
LaTeX Font Info:    Overwriting symbol font `symbols' in version `normal'
(Font)                  OMS/cmsy/m/n --> OMS/lmsy/m/n on input line 24.
LaTeX Font Info:    Overwriting symbol font `largesymbols' in version `normal'
(Font)                  OMX/cmex/m/n --> OMX/lmex/m/n on input line 25.
LaTeX Font Info:    Overwriting symbol font `operators' in version `bold'
(Font)                  OT1/cmr/bx/n --> OT1/lmr/bx/n on input line 26.
LaTeX Font Info:    Overwriting symbol font `letters' in version `bold'
(Font)                  OML/cmm/b/it --> OML/lmm/b/it on input line 27.
LaTeX Font Info:    Overwriting symbol font `symbols' in version `bold'
(Font)                  OMS/cmsy/b/n --> OMS/lmsy/b/n on input line 28.
LaTeX Font Info:    Overwriting symbol font `largesymbols' in version `bold'
(Font)                  OMX/cmex/m/n --> OMX/lmex/m/n on input line 29.
LaTeX Font Info:    Overwriting math alphabet `\mathbf' in version `normal'
(Font)                  OT1/cmr/bx/n --> OT1/lmr/bx/n on input line 31.
LaTeX Font Info:    Overwriting math alphabet `\mathsf' in version `normal'
(Font)                  OT1/cmss/m/n --> OT1/lmss/m/n on input line 32.
LaTeX Font Info:    Overwriting math alphabet `\mathit' in version `normal'
(Font)                  OT1/cmr/m/it --> OT1/lmr/m/it on input line 33.
LaTeX Font Info:    Overwriting math alphabet `\mathtt' in version `normal'
(Font)                  OT1/cmtt/m/n --> OT1/lmtt/m/n on input line 34.
LaTeX Font Info:    Overwriting math alphabet `\mathbf' in version `bold'
(Font)                  OT1/cmr/bx/n --> OT1/lmr/bx/n on input line 35.
LaTeX Font Info:    Overwriting math alphabet `\mathsf' in version `bold'
(Font)                  OT1/cmss/bx/n --> OT1/lmss/bx/n on input line 36.
LaTeX Font Info:    Overwriting math alphabet `\mathit' in version `bold'
(Font)                  OT1/cmr/bx/it --> OT1/lmr/bx/it on input line 37.
LaTeX Font Info:    Overwriting math alphabet `\mathtt' in version `bold'
(Font)                  OT1/cmtt/m/n --> OT1/lmtt/m/n on input line 38.
)
("C:\Program Files\MiKTeX 2.9\tex\latex\graphics\graphicx.sty"
Package: graphicx 2017/06/01 v1.1a Enhanced LaTeX Graphics (DPC,SPQR)

("C:\Program Files\MiKTeX 2.9\tex\latex\graphics\keyval.sty"
Package: keyval 2014/10/28 v1.15 key=value parser (DPC)
\KV@toks@=\toks16
)
("C:\Program Files\MiKTeX 2.9\tex\latex\graphics\graphics.sty"
Package: graphics 2017/06/25 v1.2c Standard LaTeX Graphics (DPC,SPQR)

("C:\Program Files\MiKTeX 2.9\tex\latex\graphics\trig.sty"
Package: trig 2016/01/03 v1.10 sin cos tan (DPC)
)
("C:\Program Files\MiKTeX 2.9\tex\latex\graphics-cfg\graphics.cfg"
File: graphics.cfg 2016/06/04 v1.11 sample graphics configuration
)
Package graphics Info: Driver file: pdftex.def on input line 99.

("C:\Program Files\MiKTeX 2.9\tex\latex\graphics-def\pdftex.def"
File: pdftex.def 2018/01/08 v1.0l Graphics/color driver for pdftex
))
\Gin@req@height=\dimen104
\Gin@req@width=\dimen105
)
("C:\Program Files\MiKTeX 2.9\tex\latex\float\float.sty"
Package: float 2001/11/08 v1.3d Float enhancements (AL)
\c@float@type=\count91
\float@exts=\toks17
\float@box=\box26
\@float@everytoks=\toks18
\@floatcapt=\box27
) (Raport_pt1.aux)
\openout1 = `Raport_pt1.aux'.

LaTeX Font Info:    Checking defaults for OML/cmm/m/it on input line 16.
LaTeX Font Info:    ... okay on input line 16.
LaTeX Font Info:    Checking defaults for T1/cmr/m/n on input line 16.
LaTeX Font Info:    ... okay on input line 16.
LaTeX Font Info:    Checking defaults for OT1/cmr/m/n on input line 16.
LaTeX Font Info:    ... okay on input line 16.
LaTeX Font Info:    Checking defaults for OMS/cmsy/m/n on input line 16.
LaTeX Font Info:    ... okay on input line 16.
LaTeX Font Info:    Checking defaults for OMX/cmex/m/n on input line 16.
LaTeX Font Info:    ... okay on input line 16.
LaTeX Font Info:    Checking defaults for U/cmr/m/n on input line 16.
LaTeX Font Info:    ... okay on input line 16.
LaTeX Font Info:    Try loading font information for T1+lmr on input line 16.

("C:\Program Files\MiKTeX 2.9\tex\latex\lm\t1lmr.fd"
File: t1lmr.fd 2009/10/30 v1.6 Font defs for Latin Modern
)
("C:\Program Files\MiKTeX 2.9\tex\latex\oberdiek\epstopdf-base.sty"
Package: epstopdf-base 2016/05/15 v2.6 Base part for package epstopdf

("C:\Program Files\MiKTeX 2.9\tex\generic\oberdiek\infwarerr.sty"
Package: infwarerr 2016/05/16 v1.4 Providing info/warning/error messages (HO)
)
("C:\Program Files\MiKTeX 2.9\tex\latex\oberdiek\grfext.sty"
Package: grfext 2016/05/16 v1.2 Manage graphics extensions (HO)

("C:\Program Files\MiKTeX 2.9\tex\generic\oberdiek\kvdefinekeys.sty"
Package: kvdefinekeys 2016/05/16 v1.4 Define keys (HO)

("C:\Program Files\MiKTeX 2.9\tex\generic\oberdiek\ltxcmds.sty"
Package: ltxcmds 2016/05/16 v1.23 LaTeX kernel commands for general use (HO)
)))
("C:\Program Files\MiKTeX 2.9\tex\latex\oberdiek\kvoptions.sty"
Package: kvoptions 2016/05/16 v3.12 Key value format for package options (HO)

("C:\Program Files\MiKTeX 2.9\tex\generic\oberdiek\kvsetkeys.sty"
Package: kvsetkeys 2016/05/16 v1.17 Key value parser (HO)

("C:\Program Files\MiKTeX 2.9\tex\generic\oberdiek\etexcmds.sty"
Package: etexcmds 2016/05/16 v1.6 Avoid name clashes with e-TeX commands (HO)

("C:\Program Files\MiKTeX 2.9\tex\generic\oberdiek\ifluatex.sty"
Package: ifluatex 2016/05/16 v1.4 Provides the ifluatex switch (HO)
Package ifluatex Info: LuaTeX not detected.
)
Package etexcmds Info: Could not find \expanded.
(etexcmds)             That can mean that you are not using pdfTeX 1.50 or
(etexcmds)             that some package has redefined \expanded.
(etexcmds)             In the latter case, load this package earlier.
)))
("C:\Program Files\MiKTeX 2.9\tex\generic\oberdiek\pdftexcmds.sty"
Package: pdftexcmds 2018/09/10 v0.29 Utility functions of pdfTeX for LuaTeX (HO
)

("C:\Program Files\MiKTeX 2.9\tex\generic\oberdiek\ifpdf.sty"
Package: ifpdf 2018/09/07 v3.3 Provides the ifpdf switch
)
Package pdftexcmds Info: LuaTeX not detected.
Package pdftexcmds Info: \pdf@primitive is available.
Package pdftexcmds Info: \pdf@ifprimitive is available.
Package pdftexcmds Info: \pdfdraftmode found.
)
Package epstopdf-base Info: Redefining graphics rule for `.eps' on input line 4
38.
Package grfext Info: Graphics extension search list:
(grfext)             [.pdf,.png,.jpg,.mps,.jpeg,.jbig2,.jb2,.PDF,.PNG,.JPG,.JPE
G,.JBIG2,.JB2,.eps]
(grfext)             \AppendGraphicsExtensions on input line 456.
)
<GUI.png, id=1, 741.972pt x 372.1905pt>
File: GUI.png Graphic file (type png)
<use GUI.png>
Package pdftex.def Info: GUI.png  used on input line 25.
(pdftex.def)             Requested size: 452.9679pt x 227.2176pt.
<SpaceInit.png, id=3, 181.27725pt x 87.32625pt>
File: SpaceInit.png Graphic file (type png)
<use SpaceInit.png>
Package pdftex.def Info: SpaceInit.png  used on input line 32.
(pdftex.def)             Requested size: 181.27681pt x 87.32603pt.
<SimpleCAGroupBox.png, id=4, 178.266pt x 78.2925pt>
File: SimpleCAGroupBox.png Graphic file (type png)
<use SimpleCAGroupBox.png>
Package pdftex.def Info: SimpleCAGroupBox.png  used on input line 42.
(pdftex.def)             Requested size: 178.26555pt x 78.2923pt.
 [1

{C:/Users/Ja/AppData/Local/MiKTeX/2.9/pdftex/config/pdftex.map} <./GUI.png> <./
SpaceInit.png>]
<SimpleCAExample.png, id=14, 233.07076pt x 235.47975pt>
File: SimpleCAExample.png Graphic file (type png)
<use SimpleCAExample.png>
Package pdftex.def Info: SimpleCAExample.png  used on input line 50.
(pdftex.def)             Requested size: 233.07018pt x 235.47917pt.
<File.png, id=15, 108.405pt x 52.39575pt>
File: File.png Graphic file (type png)
<use File.png>
Package pdftex.def Info: File.png  used on input line 60.
(pdftex.def)             Requested size: 108.40472pt x 52.39561pt.
<ExportTo.png, id=16, 240.29774pt x 240.29774pt>
File: ExportTo.png Graphic file (type png)
<use ExportTo.png>
Package pdftex.def Info: ExportTo.png  used on input line 69.
(pdftex.def)             Requested size: 240.29715pt x 240.29715pt.
 [2 <./SimpleCAGroupBox.png> <./SimpleCAExample.png> <./File.png>]
<ImportFrom.png, id=22, 568.524pt x 357.13425pt>
File: ImportFrom.png Graphic file (type png)
<use ImportFrom.png>
Package pdftex.def Info: ImportFrom.png  used on input line 81.
(pdftex.def)             Requested size: 452.9679pt x 284.5525pt.
 [3 <./ExportTo.png>]
<ExportedTxt.png, id=27, 330.033pt x 133.6995pt>
File: ExportedTxt.png Graphic file (type png)
<use ExportedTxt.png>
Package pdftex.def Info: ExportedTxt.png  used on input line 96.
(pdftex.def)             Requested size: 330.03218pt x 133.69916pt.
LaTeX Font Info:    Try loading font information for OT1+lmr on input line 97.
 ("C:\Program Files\MiKTeX 2.9\tex\latex\lm\ot1lmr.fd"
File: ot1lmr.fd 2009/10/30 v1.6 Font defs for Latin Modern
)
LaTeX Font Info:    Try loading font information for OML+lmm on input line 97.

("C:\Program Files\MiKTeX 2.9\tex\latex\lm\omllmm.fd"
File: omllmm.fd 2009/10/30 v1.6 Font defs for Latin Modern
)
LaTeX Font Info:    Try loading font information for OMS+lmsy on input line 97.


("C:\Program Files\MiKTeX 2.9\tex\latex\lm\omslmsy.fd"
File: omslmsy.fd 2009/10/30 v1.6 Font defs for Latin Modern
)
LaTeX Font Info:    Try loading font information for OMX+lmex on input line 97.


("C:\Program Files\MiKTeX 2.9\tex\latex\lm\omxlmex.fd"
File: omxlmex.fd 2009/10/30 v1.6 Font defs for Latin Modern
)
LaTeX Font Info:    External font `lmex10' loaded for size
(Font)              <10.95> on input line 97.
LaTeX Font Info:    External font `lmex10' loaded for size
(Font)              <8> on input line 97.
LaTeX Font Info:    External font `lmex10' loaded for size
(Font)              <6> on input line 97.
 [4 <./ImportFrom.png>]
<ExportedBitmap.png, id=33, 188.20313pt x 188.20313pt>
File: ExportedBitmap.png Graphic file (type png)
<use ExportedBitmap.png>
Package pdftex.def Info: ExportedBitmap.png  used on input line 103.
(pdftex.def)             Requested size: 188.20265pt x 188.20265pt.
LaTeX Font Info:    Try loading font information for OMS+lmr on input line 112.


("C:\Program Files\MiKTeX 2.9\tex\latex\lm\omslmr.fd"
File: omslmr.fd 2009/10/30 v1.6 Font defs for Latin Modern
)
LaTeX Font Info:    Font shape `OMS/lmr/m/n' in size <12> not available
(Font)              Font shape `OMS/lmsy/m/n' tried instead on input line 112.
<InclusionsGroupBox.png, id=34, 196.93575pt x 98.16675pt>
File: InclusionsGroupBox.png Graphic file (type png)
<use InclusionsGroupBox.png>
Package pdftex.def Info: InclusionsGroupBox.png  used on input line 120.
(pdftex.def)             Requested size: 196.93524pt x 98.1665pt.
 [5 <./ExportedTxt.png> <./ExportedBitmap.png>]
<CircularInclusionsExample.png, id=41, 233.07076pt x 233.673pt>
File: CircularInclusionsExample.png Graphic file (type png)
<use CircularInclusionsExample.png>
Package pdftex.def Info: CircularInclusionsExample.png  used on input line 129.

(pdftex.def)             Requested size: 233.07018pt x 233.67242pt.
<SquareInclusionsExample.png, id=42, 231.264pt x 231.86626pt>
File: SquareInclusionsExample.png Graphic file (type png)
<use SquareInclusionsExample.png>
Package pdftex.def Info: SquareInclusionsExample.png  used on input line 137.
(pdftex.def)             Requested size: 231.26343pt x 231.86568pt.
 [6 <./InclusionsGroupBox.png> <./CircularInclusionsExample.png>]
<ExtendedCAGroupBox.png, id=48, 177.0615pt x 81.906pt>
File: ExtendedCAGroupBox.png Graphic file (type png)
<use ExtendedCAGroupBox.png>
Package pdftex.def Info: ExtendedCAGroupBox.png  used on input line 147.
(pdftex.def)             Requested size: 177.06104pt x 81.90579pt.
<ExtendedCAExample.png, id=49, 233.673pt x 232.4685pt>
File: ExtendedCAExample.png Graphic file (type png)
<use ExtendedCAExample.png>
Package pdftex.def Info: ExtendedCAExample.png  used on input line 156.
(pdftex.def)             Requested size: 233.67242pt x 232.46793pt.
 [7 <./SquareInclusionsExample.png> <./ExtendedCAGroupBox.png>]
<SubstructureExample.png, id=56, 236.082pt x 233.673pt>
File: SubstructureExample.png Graphic file (type png)
<use SubstructureExample.png>
Package pdftex.def Info: SubstructureExample.png  used on input line 169.
(pdftex.def)             Requested size: 236.0814pt x 233.67242pt.

[8 <./ExtendedCAExample.png>]
<DualPhaseExample.png, id=61, 233.07076pt x 230.0595pt>
File: DualPhaseExample.png Graphic file (type png)
<use DualPhaseExample.png>
Package pdftex.def Info: DualPhaseExample.png  used on input line 177.
(pdftex.def)             Requested size: 233.07018pt x 230.05893pt.
<GrainBoundariesExample.png, id=62, 238.491pt x 234.27525pt>
File: GrainBoundariesExample.png Graphic file (type png)
<use GrainBoundariesExample.png>
Package pdftex.def Info: GrainBoundariesExample.png  used on input line 185.
(pdftex.def)             Requested size: 238.4904pt x 234.27467pt.
 [9 <./SubstructureExample.png> <./DualPhaseExample.png>] [10 <./GrainBoundarie
sExample.png>] (Raport_pt1.aux)

LaTeX Warning: Label(s) may have changed. Rerun to get cross-references right.

 ) 
Here is how much of TeX's memory you used:
 2414 strings out of 492970
 34576 string characters out of 3135863
 198667 words of memory out of 3000000
 6212 multiletter control sequences out of 15000+200000
 38274 words of font info for 34 fonts, out of 3000000 for 9000
 1141 hyphenation exceptions out of 8191
 41i,6n,25p,435b,245s stack positions out of 5000i,500n,10000p,200000b,50000s
{C:/Program Files/MiKTeX 2.9/fonts/enc/dvips/lm/lm-ec.enc}{C:/Program Files/M
iKTeX 2.9/fonts/enc/dvips/lm/lm-mathsy.enc}<C:/Program Files/MiKTeX 2.9/fonts/t
ype1/public/lm/lmbx10.pfb><C:/Program Files/MiKTeX 2.9/fonts/type1/public/lm/lm
bx12.pfb><C:/Program Files/MiKTeX 2.9/fonts/type1/public/lm/lmr10.pfb><C:/Progr
am Files/MiKTeX 2.9/fonts/type1/public/lm/lmr12.pfb><C:/Program Files/MiKTeX 2.
9/fonts/type1/public/lm/lmri12.pfb><C:/Program Files/MiKTeX 2.9/fonts/type1/pub
lic/lm/lmsy10.pfb>
Output written on Raport_pt1.pdf (10 pages, 559576 bytes).
PDF statistics:
 95 PDF objects out of 1000 (max. 8388607)
 0 named destinations out of 1000 (max. 500000)
 86 words of extra memory for PDF output out of 10000 (max. 10000000)


 1141 hyphenation exceptions out of 8191
 41i,6n,25p,435b,245s stack positions out of 5000i,500n,10000p,200000b,50000s
{C:/Program Files/MiKTeX 2.9/fonts/enc/dvips/lm/lm-ec.enc}{C:/Program Files/M
iKTeX 2.9/fonts/enc/dvips/lm/lm-mathsy.enc}<C:/Program Files/MiKTeX 2.9/fonts/t
ype1/public/lm/lmbx10.pfb><C:/Program Files/MiKTeX 2.9/fonts/type1/public/lm/lm
bx12.pfb><C:/Program Files/MiKTeX 2.9/fonts/type1/public/lm/lmr10.pfb><C:/Progr
am Files/MiKTeX 2.9/fonts/type1/public/lm/lmr12.pfb><C:/Program Files/MiKTeX 2.
9/fonts/type1/public/lm/lmri12.pfb><C:/Program Files/MiKTeX 2.9/fonts/type1/pub
lic/lm/lmsy10.pfb>
Output written on Raport_pt1.pdf (10 pages, 559576 bytes).
PDF statistics:
 95 PDF objects out of 1000 (max. 8388607)
 0 named destinations out of 1000 (max. 500000)
 86 words of extra memory for PDF output out of 10000 (max. 10000000)

